2022-04-12 16:42:10,399 - INFO - dmbs.py:execute - Creation of the search instance...
2022-04-12 16:42:10,399 - INFO - _dmbs_mpi.py:__init__ - DMBSMPI has 8 worker(s)
2022-04-12 16:42:10,399 - INFO - _dmbs_mpi.py:__init__ - Initializing communication...
2022-04-12 16:42:10,399 - INFO - _dmbs_mpi.py:__init__ - Sending to all...
2022-04-12 16:42:10,400 - INFO - _dmbs_mpi.py:__init__ - Sending to all done in 0.0005 sec.
2022-04-12 16:42:10,400 - INFO - _dmbs_mpi.py:__init__ - Receiving from all...
2022-04-12 16:42:10,400 - INFO - _dmbs_mpi.py:__init__ - Receiving from all done in 0.0000 sec.
2022-04-12 16:42:10,400 - INFO - _dmbs_mpi.py:__init__ - Initializing communications done in 0.0006 sec.
2022-04-12 16:42:10,402 - INFO - dmbs.py:execute - Creation of the search done
2022-04-12 16:42:10,402 - INFO - dmbs.py:execute - Starting the search...
2022-04-12 16:42:10,403 - INFO - _dmbs_mpi.py:_search - Asking 1 configuration...
2022-04-12 16:42:10,491 - INFO - _dmbs_mpi.py:_search - Asking took 0.0882 sec.
2022-04-12 16:42:10,491 - INFO - _dmbs_mpi.py:_search - Executing the run-function...
2022-04-12 16:42:12,573 - INFO - _dmbs_mpi.py:_search - Execution took 2.0817 sec.
2022-04-12 16:42:12,573 - INFO - _dmbs_mpi.py:send_all - Sending to all...
2022-04-12 16:42:12,573 - INFO - _dmbs_mpi.py:send_all - Processed 100.00%
2022-04-12 16:42:12,573 - INFO - _dmbs_mpi.py:send_all - Sending to all done in 0.0001 sec.
2022-04-12 16:42:12,573 - INFO - _dmbs_mpi.py:recv_any - Receiving from any...
2022-04-12 16:42:12,574 - INFO - _dmbs_mpi.py:recv_any - Processed 100.00%
2022-04-12 16:42:12,574 - INFO - _dmbs_mpi.py:recv_any - Processed 100.00%
2022-04-12 16:42:12,574 - INFO - _dmbs_mpi.py:recv_any - Received 5 configurations in 0.0002 sec.
2022-04-12 16:42:12,574 - INFO - _dmbs_mpi.py:_search - Fitting the optimizer...
2022-04-12 16:42:12,574 - INFO - _dmbs_mpi.py:_search - Fitting took 0.0001 sec.
2022-04-12 16:42:12,574 - INFO - _dmbs_mpi.py:_search - Asking 1 configuration...
2022-04-12 16:42:12,664 - INFO - _dmbs_mpi.py:_search - Asking took 0.0907 sec.
2022-04-12 16:42:12,665 - INFO - _dmbs_mpi.py:_search - Executing the run-function...
2022-04-12 16:42:14,358 - INFO - _dmbs_mpi.py:_search - Execution took 1.6936 sec.
2022-04-12 16:42:14,358 - INFO - _dmbs_mpi.py:checkpoint - Checkpointing starts...
2022-04-12 16:42:14,360 - INFO - _dmbs_mpi.py:checkpoint - Checkpointing done
2022-04-12 16:42:14,360 - INFO - _dmbs_mpi.py:send_all - Sending to all...
2022-04-12 16:42:14,360 - INFO - _dmbs_mpi.py:send_all - Processed 100.00%
2022-04-12 16:42:14,360 - INFO - _dmbs_mpi.py:send_all - Sending to all done in 0.0001 sec.
2022-04-12 16:42:14,360 - INFO - _dmbs_mpi.py:recv_any - Receiving from any...
2022-04-12 16:42:14,360 - INFO - _dmbs_mpi.py:recv_any - Processed 100.00%
2022-04-12 16:42:14,360 - INFO - _dmbs_mpi.py:recv_any - Processed 100.00%
2022-04-12 16:42:14,360 - INFO - _dmbs_mpi.py:recv_any - Received 6 configurations in 0.0001 sec.
2022-04-12 16:42:14,360 - INFO - _dmbs_mpi.py:_search - Fitting the optimizer...
2022-04-12 16:42:14,622 - INFO - _dmbs_mpi.py:_search - Fitting took 0.2619 sec.
2022-04-12 16:42:14,622 - INFO - _dmbs_mpi.py:_search - Asking 1 configuration...
2022-04-12 16:42:14,622 - INFO - _dmbs_mpi.py:_search - Asking took 0.0000 sec.
2022-04-12 16:42:14,622 - INFO - _dmbs_mpi.py:_search - Executing the run-function...
2022-04-12 16:42:16,646 - INFO - _dmbs_mpi.py:_search - Execution took 2.0240 sec.
2022-04-12 16:42:16,647 - INFO - _dmbs_mpi.py:checkpoint - Checkpointing starts...
2022-04-12 16:42:16,648 - INFO - _dmbs_mpi.py:checkpoint - Checkpointing done
2022-04-12 16:42:16,648 - INFO - _dmbs_mpi.py:send_all - Sending to all...
2022-04-12 16:42:16,648 - INFO - _dmbs_mpi.py:send_all - Processed 100.00%
2022-04-12 16:42:16,648 - INFO - _dmbs_mpi.py:send_all - Sending to all done in 0.0001 sec.
2022-04-12 16:42:16,648 - INFO - _dmbs_mpi.py:recv_any - Receiving from any...
2022-04-12 16:42:16,649 - INFO - _dmbs_mpi.py:recv_any - Processed 100.00%
2022-04-12 16:42:16,649 - INFO - _dmbs_mpi.py:recv_any - Processed 100.00%
2022-04-12 16:42:16,649 - INFO - _dmbs_mpi.py:recv_any - Received 6 configurations in 0.0002 sec.
2022-04-12 16:42:16,649 - INFO - _dmbs_mpi.py:_search - Fitting the optimizer...
2022-04-12 16:42:16,809 - INFO - _dmbs_mpi.py:_search - Fitting took 0.1604 sec.
2022-04-12 16:42:16,809 - INFO - _dmbs_mpi.py:_search - Asking 1 configuration...
2022-04-12 16:42:16,809 - INFO - _dmbs_mpi.py:_search - Asking took 0.0000 sec.
2022-04-12 16:42:16,809 - INFO - _dmbs_mpi.py:_search - Executing the run-function...
2022-04-12 16:42:18,673 - INFO - _dmbs_mpi.py:_search - Execution took 1.8640 sec.
2022-04-12 16:42:18,674 - INFO - _dmbs_mpi.py:checkpoint - Checkpointing starts...
2022-04-12 16:42:18,678 - INFO - _dmbs_mpi.py:checkpoint - Checkpointing done
2022-04-12 16:42:18,678 - INFO - _dmbs_mpi.py:send_all - Sending to all...
2022-04-12 16:42:18,678 - INFO - _dmbs_mpi.py:send_all - Processed 100.00%
2022-04-12 16:42:18,678 - INFO - _dmbs_mpi.py:send_all - Sending to all done in 0.0002 sec.
2022-04-12 16:42:18,678 - INFO - _dmbs_mpi.py:recv_any - Receiving from any...
2022-04-12 16:42:18,678 - INFO - _dmbs_mpi.py:recv_any - Processed 100.00%
2022-04-12 16:42:18,679 - INFO - _dmbs_mpi.py:recv_any - Processed 100.00%
2022-04-12 16:42:18,679 - INFO - _dmbs_mpi.py:recv_any - Received 6 configurations in 0.0003 sec.
2022-04-12 16:42:18,679 - INFO - _dmbs_mpi.py:_search - Fitting the optimizer...
2022-04-12 16:42:18,907 - INFO - _dmbs_mpi.py:_search - Fitting took 0.2284 sec.
2022-04-12 16:42:18,907 - INFO - _dmbs_mpi.py:_search - Asking 1 configuration...
2022-04-12 16:42:18,907 - INFO - _dmbs_mpi.py:_search - Asking took 0.0000 sec.
2022-04-12 16:42:18,907 - INFO - _dmbs_mpi.py:_search - Executing the run-function...
2022-04-12 16:42:20,056 - INFO - _dmbs_mpi.py:_search - Execution took 1.1483 sec.
2022-04-12 16:42:20,056 - INFO - _dmbs_mpi.py:checkpoint - Checkpointing starts...
2022-04-12 16:42:20,059 - INFO - _dmbs_mpi.py:checkpoint - Checkpointing done
2022-04-12 16:42:20,059 - INFO - _dmbs_mpi.py:send_all - Sending to all...
2022-04-12 16:42:20,059 - INFO - _dmbs_mpi.py:send_all - Processed 100.00%
2022-04-12 16:42:20,059 - INFO - _dmbs_mpi.py:send_all - Sending to all done in 0.0002 sec.
2022-04-12 16:42:20,059 - INFO - _dmbs_mpi.py:recv_any - Receiving from any...
2022-04-12 16:42:20,059 - INFO - _dmbs_mpi.py:recv_any - Processed 100.00%
2022-04-12 16:42:20,059 - INFO - _dmbs_mpi.py:recv_any - Processed 100.00%
2022-04-12 16:42:20,059 - INFO - _dmbs_mpi.py:recv_any - Received 7 configurations in 0.0002 sec.
2022-04-12 16:42:20,059 - INFO - _dmbs_mpi.py:_search - Fitting the optimizer...
2022-04-12 16:42:20,231 - INFO - _dmbs_mpi.py:_search - Fitting took 0.1718 sec.
2022-04-12 16:42:20,231 - INFO - _dmbs_mpi.py:_search - Asking 1 configuration...
2022-04-12 16:42:20,231 - INFO - _dmbs_mpi.py:_search - Asking took 0.0000 sec.
2022-04-12 16:42:20,231 - INFO - _dmbs_mpi.py:_search - Executing the run-function...
2022-04-12 16:42:22,347 - INFO - _dmbs_mpi.py:_search - Execution took 2.1156 sec.
2022-04-12 16:42:22,347 - INFO - _dmbs_mpi.py:checkpoint - Checkpointing starts...
2022-04-12 16:42:22,350 - INFO - _dmbs_mpi.py:checkpoint - Checkpointing done
2022-04-12 16:42:22,350 - INFO - _dmbs_mpi.py:send_all - Sending to all...
2022-04-12 16:42:22,350 - INFO - _dmbs_mpi.py:send_all - Processed 100.00%
2022-04-12 16:42:22,350 - INFO - _dmbs_mpi.py:send_all - Sending to all done in 0.0002 sec.
2022-04-12 16:42:22,350 - INFO - _dmbs_mpi.py:recv_any - Receiving from any...
2022-04-12 16:42:22,350 - INFO - _dmbs_mpi.py:recv_any - Processed 100.00%
2022-04-12 16:42:22,350 - INFO - _dmbs_mpi.py:recv_any - Processed 100.00%
2022-04-12 16:42:22,351 - INFO - _dmbs_mpi.py:recv_any - Processed 100.00%
2022-04-12 16:42:22,351 - INFO - _dmbs_mpi.py:recv_any - Received 7 configurations in 0.0004 sec.
2022-04-12 16:42:22,351 - INFO - _dmbs_mpi.py:_search - Fitting the optimizer...
2022-04-12 16:42:22,593 - INFO - _dmbs_mpi.py:_search - Fitting took 0.2421 sec.
2022-04-12 16:42:22,593 - INFO - _dmbs_mpi.py:_search - Asking 1 configuration...
2022-04-12 16:42:22,593 - INFO - _dmbs_mpi.py:_search - Asking took 0.0000 sec.
2022-04-12 16:42:22,593 - INFO - _dmbs_mpi.py:_search - Executing the run-function...
2022-04-12 16:42:24,834 - INFO - _dmbs_mpi.py:_search - Execution took 2.2408 sec.
2022-04-12 16:42:24,834 - INFO - _dmbs_mpi.py:checkpoint - Checkpointing starts...
2022-04-12 16:42:24,836 - INFO - _dmbs_mpi.py:checkpoint - Checkpointing done
2022-04-12 16:42:24,836 - INFO - _dmbs_mpi.py:send_all - Sending to all...
2022-04-12 16:42:24,836 - INFO - _dmbs_mpi.py:send_all - Processed 100.00%
2022-04-12 16:42:24,836 - INFO - _dmbs_mpi.py:send_all - Sending to all done in 0.0001 sec.
2022-04-12 16:42:24,836 - INFO - _dmbs_mpi.py:recv_any - Receiving from any...
2022-04-12 16:42:24,836 - INFO - _dmbs_mpi.py:recv_any - Processed 100.00%
2022-04-12 16:42:24,836 - INFO - _dmbs_mpi.py:recv_any - Processed 100.00%
2022-04-12 16:42:24,836 - INFO - _dmbs_mpi.py:recv_any - Processed 100.00%
2022-04-12 16:42:24,836 - INFO - _dmbs_mpi.py:recv_any - Received 7 configurations in 0.0001 sec.
2022-04-12 16:42:24,836 - INFO - _dmbs_mpi.py:_search - Fitting the optimizer...
2022-04-12 16:42:25,005 - INFO - _dmbs_mpi.py:_search - Fitting took 0.1682 sec.
2022-04-12 16:42:25,005 - INFO - _dmbs_mpi.py:_search - Asking 1 configuration...
2022-04-12 16:42:25,005 - INFO - _dmbs_mpi.py:_search - Asking took 0.0000 sec.
2022-04-12 16:42:25,005 - INFO - _dmbs_mpi.py:_search - Executing the run-function...
2022-04-12 16:42:26,958 - INFO - _dmbs_mpi.py:_search - Execution took 1.9532 sec.
2022-04-12 16:42:26,958 - INFO - _dmbs_mpi.py:checkpoint - Checkpointing starts...
2022-04-12 16:42:26,959 - INFO - _dmbs_mpi.py:checkpoint - Checkpointing done
2022-04-12 16:42:26,959 - INFO - _dmbs_mpi.py:send_all - Sending to all...
2022-04-12 16:42:26,959 - INFO - _dmbs_mpi.py:send_all - Processed 100.00%
2022-04-12 16:42:26,959 - INFO - _dmbs_mpi.py:send_all - Sending to all done in 0.0001 sec.
2022-04-12 16:42:26,959 - INFO - _dmbs_mpi.py:recv_any - Receiving from any...
2022-04-12 16:42:26,960 - INFO - _dmbs_mpi.py:recv_any - Processed 100.00%
2022-04-12 16:42:26,960 - INFO - _dmbs_mpi.py:recv_any - Processed 100.00%
2022-04-12 16:42:26,960 - INFO - _dmbs_mpi.py:recv_any - Received 5 configurations in 0.0001 sec.
2022-04-12 16:42:26,960 - INFO - _dmbs_mpi.py:_search - Fitting the optimizer...
2022-04-12 16:42:27,189 - INFO - _dmbs_mpi.py:_search - Fitting took 0.2291 sec.
2022-04-12 16:42:27,189 - INFO - _dmbs_mpi.py:_search - Asking 1 configuration...
2022-04-12 16:42:27,189 - INFO - _dmbs_mpi.py:_search - Asking took 0.0000 sec.
2022-04-12 16:42:27,189 - INFO - _dmbs_mpi.py:_search - Executing the run-function...
2022-04-12 16:42:29,588 - INFO - _dmbs_mpi.py:_search - Execution took 2.3988 sec.
2022-04-12 16:42:29,589 - INFO - _dmbs_mpi.py:checkpoint - Checkpointing starts...
2022-04-12 16:42:29,595 - INFO - _dmbs_mpi.py:checkpoint - Checkpointing done
2022-04-12 16:42:29,595 - INFO - _dmbs_mpi.py:send_all - Sending to all...
2022-04-12 16:42:29,595 - INFO - _dmbs_mpi.py:send_all - Processed 100.00%
2022-04-12 16:42:29,595 - INFO - _dmbs_mpi.py:send_all - Sending to all done in 0.0004 sec.
2022-04-12 16:42:29,596 - INFO - _dmbs_mpi.py:recv_any - Receiving from any...
2022-04-12 16:42:29,596 - INFO - _dmbs_mpi.py:recv_any - Processed 100.00%
2022-04-12 16:42:29,596 - INFO - _dmbs_mpi.py:recv_any - Processed 100.00%
2022-04-12 16:42:29,596 - INFO - _dmbs_mpi.py:recv_any - Processed 100.00%
2022-04-12 16:42:29,596 - INFO - _dmbs_mpi.py:recv_any - Received 9 configurations in 0.0004 sec.
2022-04-12 16:42:29,596 - INFO - _dmbs_mpi.py:_search - Fitting the optimizer...
2022-04-12 16:42:29,770 - INFO - _dmbs_mpi.py:_search - Fitting took 0.1741 sec.
2022-04-12 16:42:29,770 - INFO - _dmbs_mpi.py:_search - Asking 1 configuration...
2022-04-12 16:42:29,770 - INFO - _dmbs_mpi.py:_search - Asking took 0.0000 sec.
2022-04-12 16:42:29,770 - INFO - _dmbs_mpi.py:_search - Executing the run-function...
2022-04-12 16:42:32,212 - INFO - _dmbs_mpi.py:_search - Execution took 2.4416 sec.
2022-04-12 16:42:32,212 - INFO - _dmbs_mpi.py:checkpoint - Checkpointing starts...
2022-04-12 16:42:32,214 - INFO - _dmbs_mpi.py:checkpoint - Checkpointing done
2022-04-12 16:42:32,214 - INFO - _dmbs_mpi.py:send_all - Sending to all...
2022-04-12 16:42:32,214 - INFO - _dmbs_mpi.py:send_all - Processed 100.00%
2022-04-12 16:42:32,214 - INFO - _dmbs_mpi.py:send_all - Sending to all done in 0.0001 sec.
2022-04-12 16:42:32,214 - INFO - _dmbs_mpi.py:recv_any - Receiving from any...
2022-04-12 16:42:32,214 - INFO - _dmbs_mpi.py:recv_any - Processed 100.00%
2022-04-12 16:42:32,214 - INFO - _dmbs_mpi.py:recv_any - Processed 100.00%
2022-04-12 16:42:32,214 - INFO - _dmbs_mpi.py:recv_any - Processed 100.00%
2022-04-12 16:42:32,214 - INFO - _dmbs_mpi.py:recv_any - Received 10 configurations in 0.0001 sec.
2022-04-12 16:42:32,214 - INFO - _dmbs_mpi.py:_search - Fitting the optimizer...
2022-04-12 16:42:32,437 - INFO - _dmbs_mpi.py:_search - Fitting took 0.2225 sec.
2022-04-12 16:42:32,437 - INFO - _dmbs_mpi.py:_search - Asking 1 configuration...
2022-04-12 16:42:32,437 - INFO - _dmbs_mpi.py:_search - Asking took 0.0000 sec.
2022-04-12 16:42:32,437 - INFO - _dmbs_mpi.py:_search - Executing the run-function...
2022-04-12 16:42:34,023 - INFO - _dmbs_mpi.py:_search - Execution took 1.5866 sec.
2022-04-12 16:42:34,024 - INFO - _dmbs_mpi.py:checkpoint - Checkpointing starts...
2022-04-12 16:42:34,025 - INFO - _dmbs_mpi.py:checkpoint - Checkpointing done
2022-04-12 16:42:34,025 - INFO - _dmbs_mpi.py:send_all - Sending to all...
2022-04-12 16:42:34,025 - INFO - _dmbs_mpi.py:send_all - Processed 100.00%
2022-04-12 16:42:34,025 - INFO - _dmbs_mpi.py:send_all - Sending to all done in 0.0001 sec.
2022-04-12 16:42:34,025 - INFO - _dmbs_mpi.py:recv_any - Receiving from any...
2022-04-12 16:42:34,025 - INFO - _dmbs_mpi.py:recv_any - Processed 100.00%
2022-04-12 16:42:34,025 - INFO - _dmbs_mpi.py:recv_any - Processed 100.00%
2022-04-12 16:42:34,025 - INFO - _dmbs_mpi.py:recv_any - Received 5 configurations in 0.0001 sec.
2022-04-12 16:42:34,025 - INFO - _dmbs_mpi.py:_search - Fitting the optimizer...
2022-04-12 16:42:34,195 - INFO - _dmbs_mpi.py:_search - Fitting took 0.1700 sec.
2022-04-12 16:42:34,195 - INFO - _dmbs_mpi.py:_search - Asking 1 configuration...
2022-04-12 16:42:34,196 - INFO - _dmbs_mpi.py:_search - Asking took 0.0000 sec.
2022-04-12 16:42:34,196 - INFO - _dmbs_mpi.py:_search - Executing the run-function...
2022-04-12 16:42:36,655 - INFO - _dmbs_mpi.py:_search - Execution took 2.4591 sec.
2022-04-12 16:42:36,655 - INFO - _dmbs_mpi.py:checkpoint - Checkpointing starts...
2022-04-12 16:42:36,656 - INFO - _dmbs_mpi.py:checkpoint - Checkpointing done
2022-04-12 16:42:36,656 - INFO - _dmbs_mpi.py:send_all - Sending to all...
2022-04-12 16:42:36,656 - INFO - _dmbs_mpi.py:send_all - Processed 100.00%
2022-04-12 16:42:36,656 - INFO - _dmbs_mpi.py:send_all - Sending to all done in 0.0001 sec.
2022-04-12 16:42:36,656 - INFO - _dmbs_mpi.py:recv_any - Receiving from any...
2022-04-12 16:42:36,656 - INFO - _dmbs_mpi.py:recv_any - Processed 100.00%
2022-04-12 16:42:36,656 - INFO - _dmbs_mpi.py:recv_any - Processed 100.00%
2022-04-12 16:42:36,657 - INFO - _dmbs_mpi.py:recv_any - Processed 100.00%
2022-04-12 16:42:36,657 - INFO - _dmbs_mpi.py:recv_any - Received 8 configurations in 0.0001 sec.
2022-04-12 16:42:36,657 - INFO - _dmbs_mpi.py:_search - Fitting the optimizer...
2022-04-12 16:42:36,889 - INFO - _dmbs_mpi.py:_search - Fitting took 0.2320 sec.
2022-04-12 16:42:36,889 - INFO - _dmbs_mpi.py:_search - Asking 1 configuration...
2022-04-12 16:42:36,889 - INFO - _dmbs_mpi.py:_search - Asking took 0.0000 sec.
2022-04-12 16:42:36,889 - INFO - _dmbs_mpi.py:_search - Executing the run-function...
2022-04-12 16:42:38,600 - INFO - _dmbs_mpi.py:_search - Execution took 1.7116 sec.
2022-04-12 16:42:38,601 - INFO - _dmbs_mpi.py:checkpoint - Checkpointing starts...
2022-04-12 16:42:38,608 - INFO - _dmbs_mpi.py:checkpoint - Checkpointing done
2022-04-12 16:42:38,609 - INFO - _dmbs_mpi.py:send_all - Sending to all...
2022-04-12 16:42:38,609 - INFO - _dmbs_mpi.py:send_all - Processed 100.00%
2022-04-12 16:42:38,609 - INFO - _dmbs_mpi.py:send_all - Sending to all done in 0.0002 sec.
2022-04-12 16:42:38,609 - INFO - _dmbs_mpi.py:recv_any - Receiving from any...
2022-04-12 16:42:38,609 - INFO - _dmbs_mpi.py:recv_any - Processed 100.00%
2022-04-12 16:42:38,609 - INFO - _dmbs_mpi.py:recv_any - Processed 100.00%
2022-04-12 16:42:38,609 - INFO - _dmbs_mpi.py:recv_any - Received 6 configurations in 0.0002 sec.
2022-04-12 16:42:38,609 - INFO - _dmbs_mpi.py:_search - Fitting the optimizer...
2022-04-12 16:42:38,787 - INFO - _dmbs_mpi.py:_search - Fitting took 0.1781 sec.
2022-04-12 16:42:38,787 - INFO - _dmbs_mpi.py:_search - Asking 1 configuration...
2022-04-12 16:42:38,787 - INFO - _dmbs_mpi.py:_search - Asking took 0.0000 sec.
2022-04-12 16:42:38,787 - INFO - _dmbs_mpi.py:_search - Executing the run-function...
2022-04-12 16:42:40,416 - INFO - _dmbs_mpi.py:terminate - Search is being stopped!
2022-04-12 16:42:40,417 - ERROR - _dmbs_mpi.py:search - Processing SearchTerminationError
2022-04-12 16:42:40,417 - INFO - _dmbs_mpi.py:recv_any - Receiving from any...
2022-04-12 16:42:40,417 - INFO - _dmbs_mpi.py:recv_any - Processed 100.00%
2022-04-12 16:42:40,417 - INFO - _dmbs_mpi.py:recv_any - Processed 100.00%
2022-04-12 16:42:40,417 - INFO - _dmbs_mpi.py:recv_any - Received 7 configurations in 0.0003 sec.
2022-04-12 16:42:40,417 - INFO - _dmbs_mpi.py:checkpoint - Checkpointing starts...
2022-04-12 16:42:40,420 - INFO - _dmbs_mpi.py:checkpoint - Checkpointing done
2022-04-12 16:42:40,420 - INFO - dmbs.py:execute - Search is done
