2022-04-12 16:43:09,896 - INFO - dmbs.py:execute - Creation of the search instance...
2022-04-12 16:43:09,896 - INFO - _dmbs_mpi.py:__init__ - DMBSMPI has 8 worker(s)
2022-04-12 16:43:09,896 - INFO - _dmbs_mpi.py:__init__ - Initializing communication...
2022-04-12 16:43:09,896 - INFO - _dmbs_mpi.py:__init__ - Sending to all...
2022-04-12 16:43:09,896 - INFO - _dmbs_mpi.py:__init__ - Sending to all done in 0.0000 sec.
2022-04-12 16:43:09,896 - INFO - _dmbs_mpi.py:__init__ - Receiving from all...
2022-04-12 16:43:09,896 - INFO - _dmbs_mpi.py:__init__ - Receiving from all done in 0.0001 sec.
2022-04-12 16:43:09,896 - INFO - _dmbs_mpi.py:__init__ - Initializing communications done in 0.0002 sec.
2022-04-12 16:43:09,896 - INFO - dmbs.py:execute - Creation of the search done
2022-04-12 16:43:09,896 - INFO - dmbs.py:execute - Starting the search...
2022-04-12 16:43:09,897 - INFO - _dmbs_mpi.py:_search - Asking 1 configuration...
2022-04-12 16:43:09,982 - INFO - _dmbs_mpi.py:_search - Asking took 0.0844 sec.
2022-04-12 16:43:09,982 - INFO - _dmbs_mpi.py:_search - Executing the run-function...
2022-04-12 16:43:12,502 - INFO - _dmbs_mpi.py:_search - Execution took 2.5200 sec.
2022-04-12 16:43:12,502 - INFO - _dmbs_mpi.py:broadcast - Broadcasting to all...
2022-04-12 16:43:12,798 - INFO - _dmbs_mpi.py:broadcast - Broadcast received 7 configurations in 0.2960 sec.
2022-04-12 16:43:12,798 - INFO - _dmbs_mpi.py:_search - Fitting the optimizer...
2022-04-12 16:43:12,798 - INFO - _dmbs_mpi.py:_search - Fitting took 0.0001 sec.
2022-04-12 16:43:12,798 - INFO - _dmbs_mpi.py:_search - Asking 1 configuration...
2022-04-12 16:43:12,886 - INFO - _dmbs_mpi.py:_search - Asking took 0.0881 sec.
2022-04-12 16:43:12,887 - INFO - _dmbs_mpi.py:_search - Executing the run-function...
2022-04-12 16:43:14,641 - INFO - _dmbs_mpi.py:_search - Execution took 1.7546 sec.
2022-04-12 16:43:14,641 - INFO - _dmbs_mpi.py:checkpoint - Checkpointing starts...
2022-04-12 16:43:14,644 - INFO - _dmbs_mpi.py:checkpoint - Checkpointing done
2022-04-12 16:43:14,644 - INFO - _dmbs_mpi.py:broadcast - Broadcasting to all...
2022-04-12 16:43:15,109 - INFO - _dmbs_mpi.py:broadcast - Broadcast received 7 configurations in 0.4649 sec.
2022-04-12 16:43:15,109 - INFO - _dmbs_mpi.py:_search - Fitting the optimizer...
2022-04-12 16:43:15,472 - INFO - _dmbs_mpi.py:_search - Fitting took 0.3625 sec.
2022-04-12 16:43:15,472 - INFO - _dmbs_mpi.py:_search - Asking 1 configuration...
2022-04-12 16:43:15,472 - INFO - _dmbs_mpi.py:_search - Asking took 0.0000 sec.
2022-04-12 16:43:15,472 - INFO - _dmbs_mpi.py:_search - Executing the run-function...
2022-04-12 16:43:17,159 - INFO - _dmbs_mpi.py:_search - Execution took 1.6863 sec.
2022-04-12 16:43:17,159 - INFO - _dmbs_mpi.py:checkpoint - Checkpointing starts...
2022-04-12 16:43:17,160 - INFO - _dmbs_mpi.py:checkpoint - Checkpointing done
2022-04-12 16:43:17,160 - INFO - _dmbs_mpi.py:broadcast - Broadcasting to all...
2022-04-12 16:43:18,155 - INFO - _dmbs_mpi.py:broadcast - Broadcast received 7 configurations in 0.9948 sec.
2022-04-12 16:43:18,155 - INFO - _dmbs_mpi.py:_search - Fitting the optimizer...
2022-04-12 16:43:18,338 - INFO - _dmbs_mpi.py:_search - Fitting took 0.1834 sec.
2022-04-12 16:43:18,338 - INFO - _dmbs_mpi.py:_search - Asking 1 configuration...
2022-04-12 16:43:18,338 - INFO - _dmbs_mpi.py:_search - Asking took 0.0000 sec.
2022-04-12 16:43:18,338 - INFO - _dmbs_mpi.py:_search - Executing the run-function...
2022-04-12 16:43:20,369 - INFO - _dmbs_mpi.py:_search - Execution took 2.0304 sec.
2022-04-12 16:43:20,369 - INFO - _dmbs_mpi.py:checkpoint - Checkpointing starts...
2022-04-12 16:43:20,371 - INFO - _dmbs_mpi.py:checkpoint - Checkpointing done
2022-04-12 16:43:20,371 - INFO - _dmbs_mpi.py:broadcast - Broadcasting to all...
2022-04-12 16:43:21,111 - INFO - _dmbs_mpi.py:broadcast - Broadcast received 7 configurations in 0.7403 sec.
2022-04-12 16:43:21,111 - INFO - _dmbs_mpi.py:_search - Fitting the optimizer...
2022-04-12 16:43:21,402 - INFO - _dmbs_mpi.py:_search - Fitting took 0.2914 sec.
2022-04-12 16:43:21,403 - INFO - _dmbs_mpi.py:_search - Asking 1 configuration...
2022-04-12 16:43:21,403 - INFO - _dmbs_mpi.py:_search - Asking took 0.0000 sec.
2022-04-12 16:43:21,403 - INFO - _dmbs_mpi.py:_search - Executing the run-function...
2022-04-12 16:43:22,847 - INFO - _dmbs_mpi.py:_search - Execution took 1.4448 sec.
2022-04-12 16:43:22,848 - INFO - _dmbs_mpi.py:checkpoint - Checkpointing starts...
2022-04-12 16:43:22,850 - INFO - _dmbs_mpi.py:checkpoint - Checkpointing done
2022-04-12 16:43:22,850 - INFO - _dmbs_mpi.py:broadcast - Broadcasting to all...
2022-04-12 16:43:23,933 - INFO - _dmbs_mpi.py:broadcast - Broadcast received 7 configurations in 1.0834 sec.
2022-04-12 16:43:23,933 - INFO - _dmbs_mpi.py:_search - Fitting the optimizer...
2022-04-12 16:43:24,130 - INFO - _dmbs_mpi.py:_search - Fitting took 0.1970 sec.
2022-04-12 16:43:24,130 - INFO - _dmbs_mpi.py:_search - Asking 1 configuration...
2022-04-12 16:43:24,130 - INFO - _dmbs_mpi.py:_search - Asking took 0.0000 sec.
2022-04-12 16:43:24,130 - INFO - _dmbs_mpi.py:_search - Executing the run-function...
2022-04-12 16:43:26,414 - INFO - _dmbs_mpi.py:_search - Execution took 2.2835 sec.
2022-04-12 16:43:26,414 - INFO - _dmbs_mpi.py:checkpoint - Checkpointing starts...
2022-04-12 16:43:26,416 - INFO - _dmbs_mpi.py:checkpoint - Checkpointing done
2022-04-12 16:43:26,416 - INFO - _dmbs_mpi.py:broadcast - Broadcasting to all...
2022-04-12 16:43:26,838 - INFO - _dmbs_mpi.py:broadcast - Broadcast received 7 configurations in 0.4214 sec.
2022-04-12 16:43:26,838 - INFO - _dmbs_mpi.py:_search - Fitting the optimizer...
2022-04-12 16:43:27,126 - INFO - _dmbs_mpi.py:_search - Fitting took 0.2877 sec.
2022-04-12 16:43:27,126 - INFO - _dmbs_mpi.py:_search - Asking 1 configuration...
2022-04-12 16:43:27,126 - INFO - _dmbs_mpi.py:_search - Asking took 0.0000 sec.
2022-04-12 16:43:27,126 - INFO - _dmbs_mpi.py:_search - Executing the run-function...
2022-04-12 16:43:29,771 - INFO - _dmbs_mpi.py:_search - Execution took 2.6455 sec.
2022-04-12 16:43:29,771 - INFO - _dmbs_mpi.py:checkpoint - Checkpointing starts...
2022-04-12 16:43:29,773 - INFO - _dmbs_mpi.py:checkpoint - Checkpointing done
2022-04-12 16:43:29,773 - INFO - _dmbs_mpi.py:broadcast - Broadcasting to all...
2022-04-12 16:43:29,773 - INFO - _dmbs_mpi.py:broadcast - Broadcast received 7 configurations in 0.0002 sec.
2022-04-12 16:43:29,773 - INFO - _dmbs_mpi.py:_search - Fitting the optimizer...
2022-04-12 16:43:29,969 - INFO - _dmbs_mpi.py:_search - Fitting took 0.1965 sec.
2022-04-12 16:43:29,969 - INFO - _dmbs_mpi.py:_search - Asking 1 configuration...
2022-04-12 16:43:29,969 - INFO - _dmbs_mpi.py:_search - Asking took 0.0000 sec.
2022-04-12 16:43:29,969 - INFO - _dmbs_mpi.py:_search - Executing the run-function...
2022-04-12 16:43:31,884 - INFO - _dmbs_mpi.py:_search - Execution took 1.9146 sec.
2022-04-12 16:43:31,884 - INFO - _dmbs_mpi.py:checkpoint - Checkpointing starts...
2022-04-12 16:43:31,886 - INFO - _dmbs_mpi.py:checkpoint - Checkpointing done
2022-04-12 16:43:31,886 - INFO - _dmbs_mpi.py:broadcast - Broadcasting to all...
2022-04-12 16:43:32,843 - INFO - _dmbs_mpi.py:broadcast - Broadcast received 7 configurations in 0.9571 sec.
2022-04-12 16:43:32,844 - INFO - _dmbs_mpi.py:_search - Fitting the optimizer...
2022-04-12 16:43:33,130 - INFO - _dmbs_mpi.py:_search - Fitting took 0.2867 sec.
2022-04-12 16:43:33,130 - INFO - _dmbs_mpi.py:_search - Asking 1 configuration...
2022-04-12 16:43:33,131 - INFO - _dmbs_mpi.py:_search - Asking took 0.0000 sec.
2022-04-12 16:43:33,131 - INFO - _dmbs_mpi.py:_search - Executing the run-function...
2022-04-12 16:43:35,340 - INFO - _dmbs_mpi.py:_search - Execution took 2.2090 sec.
2022-04-12 16:43:35,340 - INFO - _dmbs_mpi.py:checkpoint - Checkpointing starts...
2022-04-12 16:43:35,342 - INFO - _dmbs_mpi.py:checkpoint - Checkpointing done
2022-04-12 16:43:35,342 - INFO - _dmbs_mpi.py:broadcast - Broadcasting to all...
2022-04-12 16:43:36,128 - INFO - _dmbs_mpi.py:broadcast - Broadcast received 7 configurations in 0.7857 sec.
2022-04-12 16:43:36,128 - INFO - _dmbs_mpi.py:_search - Fitting the optimizer...
2022-04-12 16:43:36,334 - INFO - _dmbs_mpi.py:_search - Fitting took 0.2061 sec.
2022-04-12 16:43:36,334 - INFO - _dmbs_mpi.py:_search - Asking 1 configuration...
2022-04-12 16:43:36,334 - INFO - _dmbs_mpi.py:_search - Asking took 0.0000 sec.
2022-04-12 16:43:36,334 - INFO - _dmbs_mpi.py:_search - Executing the run-function...
2022-04-12 16:43:38,560 - INFO - _dmbs_mpi.py:_search - Execution took 2.2257 sec.
2022-04-12 16:43:38,560 - INFO - _dmbs_mpi.py:checkpoint - Checkpointing starts...
2022-04-12 16:43:38,562 - INFO - _dmbs_mpi.py:checkpoint - Checkpointing done
2022-04-12 16:43:38,562 - INFO - _dmbs_mpi.py:broadcast - Broadcasting to all...
2022-04-12 16:43:39,050 - INFO - _dmbs_mpi.py:broadcast - Broadcast received 7 configurations in 0.4883 sec.
2022-04-12 16:43:39,050 - INFO - _dmbs_mpi.py:_search - Fitting the optimizer...
2022-04-12 16:43:39,334 - INFO - _dmbs_mpi.py:_search - Fitting took 0.2836 sec.
2022-04-12 16:43:39,334 - INFO - _dmbs_mpi.py:_search - Asking 1 configuration...
2022-04-12 16:43:39,334 - INFO - _dmbs_mpi.py:_search - Asking took 0.0000 sec.
2022-04-12 16:43:39,334 - INFO - _dmbs_mpi.py:_search - Executing the run-function...
2022-04-12 16:43:39,915 - INFO - _dmbs_mpi.py:terminate - Search is being stopped!
2022-04-12 16:43:39,916 - ERROR - _dmbs_mpi.py:search - Processing SearchTerminationError
2022-04-12 16:43:39,916 - INFO - _dmbs_mpi.py:checkpoint - Checkpointing starts...
2022-04-12 16:43:39,918 - INFO - _dmbs_mpi.py:checkpoint - Checkpointing done
2022-04-12 16:43:39,918 - INFO - dmbs.py:execute - Search is done
