LMOD_DIR=/opt/lmod/stable/lmod/lmod/libexec/
__LMOD_REF_COUNT_CPATH=/lus/theta-fs0/software/thetagpu/openmpi-4.0.5/ucx-1.9.0rc7/include:1;/lus/theta-fs0/software/thetagpu/openmpi-4.0.5/include:1
CONDA_PROMPT_MODIFIER=($(basename /lus/grand/projects/datascience/USER/thetagpu/scaling/scalable-bo/build/dhenv)) 
COBALT_NODEFILE=/var/tmp/cobalt.10068165
USER=USER
SSH_CLIENT=10.230.2.48 39892 22
XDG_SESSION_TYPE=tty
LMOD_PKG=/opt/lmod/stable/lmod/lmod
ENV_NAME=conda/2021-11-30
SHLVL=1
LD_LIBRARY_PATH=/lus/theta-fs0/software/thetagpu/openmpi-4.0.5/ucx-1.9.0rc7/lib:/lus/theta-fs0/software/thetagpu/openmpi-4.0.5/lib:/lus/theta-fs0/software/thetagpu/cuda/TensorRT-8.2.1.8.Linux.x86_64-gnu.cuda-11.4.cudnn8.2/lib:/lus/theta-fs0/software/thetagpu/cuda/nccl_2.11.4-1+cuda11.4_x86_64/lib:/lus/theta-fs0/software/thetagpu/cuda/cudnn-11.4-linux-x64-v8.2.4.15/lib64:/usr/local/cuda-11.4/lib64
MOTD_SHOWN=pam
HOME=/home/USER
CONDA_SHLVL=1
LMOD_FAMILY_PYTHON_VERSION=2021-11-30
F90=/lus/theta-fs0/software/thetagpu/openmpi-4.0.5/bin/mpif90
__LMOD_REF_COUNT_LOADEDMODULES=Core/StdEnv:1;conda/2021-11-30:1;openmpi/openmpi-4.0.5:1
_LMFILES_=/lus/theta-fs0/software/environment/thetagpu/lmod/modulefiles/Core/StdEnv.lua:/lus/theta-fs0/software/environment/thetagpu/lmod/modulefiles/conda/2021-11-30.lua:/lus/theta-fs0/software/environment/thetagpu/lmod/modulefiles/openmpi/openmpi-4.0.5.lua
DBUS_SESSION_BUS_ADDRESS=unix:path=/run/user/33645/bus
_CE_M=
__LMOD_REF_COUNT_PATH=/lus/theta-fs0/software/thetagpu/openmpi-4.0.5/ucx-1.9.0rc7/bin:1;/lus/theta-fs0/software/thetagpu/openmpi-4.0.5/bin:1;/lus/theta-fs0/software/thetagpu/conda/2021-11-30/mconda3/condabin:1;/lus/theta-fs0/software/thetagpu/cuda/nccl_2.11.4-1+cuda11.4_x86_64/include:1;/usr/local/cuda/bin:1;/opt/bin:1;/usr/local/sbin:1;/usr/local/bin:1;/usr/sbin:1;/usr/bin:1;/sbin:1;/bin:1;/usr/games:1;/usr/local/games:1;/snap/bin:1
LMOD_sys=Linux
F77=/lus/theta-fs0/software/thetagpu/openmpi-4.0.5/bin/mpif77
BALSAM_LS_FIELDS=num_nodes:args
https_proxy=http://proxy.tmi.alcf.anl.gov:3128
COBALT_JOBID=10068165
LOGNAME=USER
MIG_PARTED_HOOKS_FILE=/etc/nvidia-mig-manager/hooks.yaml
http_proxy=http://proxy.tmi.alcf.anl.gov:3128
_=./collect_environment.sh
XDG_SESSION_CLASS=user
XDG_SESSION_ID=4314
_CE_CONDA=
PATH=/lus/grand/projects/datascience/USER/thetagpu/scaling/scalable-bo/build/dhenv/bin:/lus/theta-fs0/software/thetagpu/openmpi-4.0.5/ucx-1.9.0rc7/bin:/lus/theta-fs0/software/thetagpu/openmpi-4.0.5/bin:/lus/theta-fs0/software/thetagpu/conda/2021-11-30/mconda3/condabin:/lus/theta-fs0/software/thetagpu/cuda/nccl_2.11.4-1+cuda11.4_x86_64/include:/usr/local/cuda/bin:/opt/bin:/usr/local/sbin:/usr/local/bin:/usr/sbin:/usr/bin:/sbin:/bin:/usr/games:/usr/local/games:/snap/bin
__LMOD_REF_COUNT_LD_LIBRARY_PATH=/lus/theta-fs0/software/thetagpu/openmpi-4.0.5/ucx-1.9.0rc7/lib:1;/lus/theta-fs0/software/thetagpu/openmpi-4.0.5/lib:1;/lus/theta-fs0/software/thetagpu/cuda/TensorRT-8.2.1.8.Linux.x86_64-gnu.cuda-11.4.cudnn8.2/lib:1;/lus/theta-fs0/software/thetagpu/cuda/nccl_2.11.4-1+cuda11.4_x86_64/lib:1;/lus/theta-fs0/software/thetagpu/cuda/cudnn-11.4-linux-x64-v8.2.4.15/lib64:1;/usr/local/cuda-11.4/lib64:1
XDG_RUNTIME_DIR=/run/user/33645
LANG=en_US.UTF-8
PYTHONSTARTUP=/lus/theta-fs0/software/thetagpu/conda/2021-11-30/mconda3/etc/pythonstart
PYTHONUSERBASE=/home/USER/.local/conda/2021-11-30
LMOD_FAMILY_PYTHON=conda
LMOD_SYSTEM_DEFAULT_MODULES=Core/StdEnv
MIG_PARTED_CONFIG_FILE=/etc/nvidia-mig-manager/config.yaml
CONDA_PYTHON_EXE=/lus/theta-fs0/software/thetagpu/conda/2021-11-30/mconda3/bin/python
SHELL=/bin/bash
MODULEPATH_ROOT=/lus/theta-fs0/software/environment/thetagpu/lmod/modulefiles
CXX=/lus/theta-fs0/software/thetagpu/openmpi-4.0.5/bin/mpicxx
CONDA_DEFAULT_ENV=/lus/grand/projects/datascience/USER/thetagpu/scaling/scalable-bo/build/dhenv
LMOD_CMD=/opt/lmod/stable/lmod/lmod/libexec/lmod
_ModuleTable_Sz_=4
BASH_ENV=/opt/lmod/stable/lmod/lmod/init/bash
_ModuleTable001_=X01vZHVsZVRhYmxlXz17WyJNVHZlcnNpb24iXT0zLFsiY19yZWJ1aWxkVGltZSJdPWZhbHNlLFsiY19zaG9ydFRpbWUiXT1mYWxzZSxkZXB0aFQ9e30sZmFtaWx5PXtbInB5dGhvbiJdPSJjb25kYSIsfSxtVD17Q29yZT17WyJmbiJdPSIvbHVzL3RoZXRhLWZzMC9zb2Z0d2FyZS9lbnZpcm9ubWVudC90aGV0YWdwdS9sbW9kL21vZHVsZWZpbGVzL0NvcmUvU3RkRW52Lmx1YSIsWyJmdWxsTmFtZSJdPSJDb3JlL1N0ZEVudiIsWyJsb2FkT3JkZXIiXT0xLHByb3BUPXt9LFsic3RhY2tEZXB0aCJdPTAsWyJzdGF0dXMiXT0iYWN0aXZlIixbInVzZXJOYW1lIl09IkNvcmUvU3RkRW52Iix9LGNvbmRhPXtbImZuIl09Ii9sdXMvdGhldGEtZnMwL3NvZnR3YXJlL2Vudmlyb25tZW50L3Ro
_ModuleTable002_=ZXRhZ3B1L2xtb2QvbW9kdWxlZmlsZXMvY29uZGEvMjAyMS0xMS0zMC5sdWEiLFsiZnVsbE5hbWUiXT0iY29uZGEvMjAyMS0xMS0zMCIsWyJsb2FkT3JkZXIiXT0yLHByb3BUPXt9LFsic3RhY2tEZXB0aCJdPTAsWyJzdGF0dXMiXT0iYWN0aXZlIixbInVzZXJOYW1lIl09ImNvbmRhLzIwMjEtMTEtMzAiLH0sb3Blbm1waT17WyJmbiJdPSIvbHVzL3RoZXRhLWZzMC9zb2Z0d2FyZS9lbnZpcm9ubWVudC90aGV0YWdwdS9sbW9kL21vZHVsZWZpbGVzL29wZW5tcGkvb3Blbm1waS00LjAuNS5sdWEiLFsiZnVsbE5hbWUiXT0ib3Blbm1waS9vcGVubXBpLTQuMC41IixbImxvYWRPcmRlciJdPTMscHJvcFQ9e30sWyJzdGFja0RlcHRoIl09MCxbInN0YXR1cyJdPSJhY3RpdmUiLFsidXNl
PWD=/lus/grand/projects/datascience/USER/thetagpu/scaling/scalable-bo/sc22-appendix
LOADEDMODULES=Core/StdEnv:conda/2021-11-30:openmpi/openmpi-4.0.5
CONDA_EXE=/lus/theta-fs0/software/thetagpu/conda/2021-11-30/mconda3/bin/conda
SSH_CONNECTION=10.230.2.48 39892 10.230.2.203 22
_ModuleTable003_=ck5hbWUiXT0ib3Blbm1waS9vcGVubXBpLTQuMC41Iix9LH0sbXBhdGhBPXsiL29wdC9sbW9kL3N0YWJsZS9sbW9kL2xtb2QvbW9kdWxlZmlsZXMiLCIvbHVzL3RoZXRhLWZzMC9zb2Z0d2FyZS9lbnZpcm9ubWVudC90aGV0YWdwdS9sbW9kL21vZHVsZWZpbGVzIiwiL2x1cy90aGV0YS1mczAvc29mdHdhcmUvc3BhY2svc2hhcmUvc3BhY2svbW9kdWxlcy9saW51eC11YnVudHUyMC4wNC14ODZfNjQiLH0sWyJzeXN0ZW1CYXNlTVBBVEgiXT0iL29wdC9sbW9kL3N0YWJsZS9sbW9kL2xtb2QvbW9kdWxlZmlsZXM6L2x1cy90aGV0YS1mczAvc29mdHdhcmUvZW52aXJvbm1lbnQvdGhldGFncHUvbG1vZC9tb2R1bGVmaWxlczovbHVzL3RoZXRhLWZzMC9zb2Z0d2FyZS9zcGFjay9zaGFy
__LMOD_REF_COUNT__LMFILES_=/lus/theta-fs0/software/environment/thetagpu/lmod/modulefiles/Core/StdEnv.lua:1;/lus/theta-fs0/software/environment/thetagpu/lmod/modulefiles/conda/2021-11-30.lua:1;/lus/theta-fs0/software/environment/thetagpu/lmod/modulefiles/openmpi/openmpi-4.0.5.lua:1
PYTHONPATH=/lus/grand/projects/datascience/USER/thetagpu/scaling/scalable-bo/build/ecp-candle-benchmarks/Pilot1/Attn:
_ModuleTable004_=ZS9zcGFjay9tb2R1bGVzL2xpbnV4LXVidW50dTIwLjA0LXg4Nl82NCIsfQ==
CONDA_PREFIX=/lus/grand/projects/datascience/USER/thetagpu/scaling/scalable-bo/build/dhenv
CC=/lus/theta-fs0/software/thetagpu/openmpi-4.0.5/bin/mpicc
CPATH=/lus/theta-fs0/software/thetagpu/openmpi-4.0.5/ucx-1.9.0rc7/include:/lus/theta-fs0/software/thetagpu/openmpi-4.0.5/include
__LMOD_REF_COUNT_MODULEPATH=/opt/lmod/stable/lmod/lmod/modulefiles:1;/lus/theta-fs0/software/environment/thetagpu/lmod/modulefiles:1;/lus/theta-fs0/software/spack/share/spack/modules/linux-ubuntu20.04-x86_64:1
MANPATH=/lus/theta-fs0/software/thetagpu/openmpi-4.0.5/share/man:/opt/lmod/stable/lmod/lmod/share/man::
__LMOD_REF_COUNT_MANPATH=/lus/theta-fs0/software/thetagpu/openmpi-4.0.5/share/man:1;/opt/lmod/stable/lmod/lmod/share/man:1
__Init_Default_Modules=1
MODULEPATH=/opt/lmod/stable/lmod/lmod/modulefiles:/lus/theta-fs0/software/environment/thetagpu/lmod/modulefiles:/lus/theta-fs0/software/spack/share/spack/modules/linux-ubuntu20.04-x86_64
MODULESHOME=/opt/lmod/stable/lmod/lmod
+ lsb_release -a
No LSB modules are available.
Distributor ID:	Ubuntu
Description:	Ubuntu 20.04.3 LTS
Release:	20.04
Codename:	focal
+ uname -a
Linux thetagpu15 5.4.0-90-generic #101-Ubuntu SMP Fri Oct 15 20:00:55 UTC 2021 x86_64 x86_64 x86_64 GNU/Linux
+ lscpu
Architecture:                    x86_64
CPU op-mode(s):                  32-bit, 64-bit
Byte Order:                      Little Endian
Address sizes:                   43 bits physical, 48 bits virtual
CPU(s):                          256
On-line CPU(s) list:             0-255
Thread(s) per core:              2
Core(s) per socket:              64
Socket(s):                       2
NUMA node(s):                    8
Vendor ID:                       AuthenticAMD
CPU family:                      23
Model:                           49
Model name:                      AMD EPYC 7742 64-Core Processor
Stepping:                        0
Frequency boost:                 enabled
CPU MHz:                         3399.134
CPU max MHz:                     2250.0000
CPU min MHz:                     1500.0000
BogoMIPS:                        4491.71
Virtualization:                  AMD-V
L1d cache:                       4 MiB
L1i cache:                       4 MiB
L2 cache:                        64 MiB
L3 cache:                        512 MiB
NUMA node0 CPU(s):               0-15,128-143
NUMA node1 CPU(s):               16-31,144-159
NUMA node2 CPU(s):               32-47,160-175
NUMA node3 CPU(s):               48-63,176-191
NUMA node4 CPU(s):               64-79,192-207
NUMA node5 CPU(s):               80-95,208-223
NUMA node6 CPU(s):               96-111,224-239
NUMA node7 CPU(s):               112-127,240-255
Vulnerability Itlb multihit:     Not affected
Vulnerability L1tf:              Not affected
Vulnerability Mds:               Not affected
Vulnerability Meltdown:          Not affected
Vulnerability Spec store bypass: Mitigation; Speculative Store Bypass disabled via prctl and seccomp
Vulnerability Spectre v1:        Mitigation; usercopy/swapgs barriers and __user pointer sanitization
Vulnerability Spectre v2:        Mitigation; Full AMD retpoline, IBPB conditional, IBRS_FW, STIBP conditional, RSB filling
Vulnerability Srbds:             Not affected
Vulnerability Tsx async abort:   Not affected
Flags:                           fpu vme de pse tsc msr pae mce cx8 apic sep mtrr pge mca cmov pat pse36 clflush mmx fxsr sse sse2 ht syscall nx mmxext fxsr_opt pdpe1gb rdtscp lm constant_tsc rep_good nopl nonstop_tsc cpuid extd_apicid aperfmperf pni pclmulqdq monitor ssse3 fma cx16 sse4_1 sse4_2 x2apic movbe popcnt aes xsave avx f16c rdrand lahf_lm cmp_legacy svm extapic cr8_legacy abm sse4a misalignsse 3dnowprefetch osvw ibs skinit wdt tce topoext perfctr_core perfctr_nb bpext perfctr_llc mwaitx cpb cat_l3 cdp_l3 hw_pstate sme ssbd mba sev ibrs ibpb stibp vmmcall fsgsbase bmi1 avx2 smep bmi2 cqm rdt_a rdseed adx smap clflushopt clwb sha_ni xsaveopt xsavec xgetbv1 xsaves cqm_llc cqm_occup_llc cqm_mbm_total cqm_mbm_local clzero irperf xsaveerptr wbnoinvd arat npt lbrv svm_lock nrip_save tsc_scale vmcb_clean flushbyasid decodeassists pausefilter pfthreshold avic v_vmsave_vmload vgif umip rdpid overflow_recov succor smca
+ cat /proc/meminfo
MemTotal:       1056656028 kB
MemFree:        995396160 kB
MemAvailable:   1020049804 kB
Buffers:         3552204 kB
Cached:         24275300 kB
SwapCached:            0 kB
Active:          5716676 kB
Inactive:       23213212 kB
Active(anon):    1104800 kB
Inactive(anon):      304 kB
Active(file):    4611876 kB
Inactive(file): 23212908 kB
Unevictable:    10505068 kB
Mlocked:        10505068 kB
SwapTotal:             0 kB
SwapFree:              0 kB
Dirty:              7336 kB
Writeback:             0 kB
AnonPages:      11605736 kB
Mapped:           544308 kB
Shmem:             61000 kB
KReclaimable:    1938032 kB
Slab:           10955032 kB
SReclaimable:    1938032 kB
SUnreclaim:      9017000 kB
KernelStack:       68544 kB
PageTables:        31928 kB
NFS_Unstable:          0 kB
Bounce:                0 kB
WritebackTmp:          0 kB
CommitLimit:    528328012 kB
Committed_AS:   22391204 kB
VmallocTotal:   34359738367 kB
VmallocUsed:     2995868 kB
VmallocChunk:          0 kB
Percpu:           531456 kB
HardwareCorrupted:     0 kB
AnonHugePages:      8192 kB
ShmemHugePages:        0 kB
ShmemPmdMapped:        0 kB
FileHugePages:         0 kB
FilePmdMapped:         0 kB
CmaTotal:              0 kB
CmaFree:               0 kB
HugePages_Total:       0
HugePages_Free:        0
HugePages_Rsvd:        0
HugePages_Surp:        0
Hugepagesize:       2048 kB
Hugetlb:               0 kB
DirectMap4k:    127958896 kB
DirectMap2M:    904740864 kB
DirectMap1G:    40894464 kB
+ inxi -F -c0
./collect_environment.sh: 14: inxi: not found
+ lsblk -a
NAME        MAJ:MIN RM  SIZE RO TYPE  MOUNTPOINT
loop0         7:0    0        1 loop  
loop1         7:1    0        1 loop  
loop2         7:2    0        1 loop  
loop3         7:3    0        1 loop  
loop4         7:4    0        1 loop  
loop5         7:5    0        1 loop  
loop6         7:6    0        1 loop  
loop7         7:7    0        1 loop  
sr0          11:0    1 1024M  0 rom   
nvme0n1     259:0    0  3.5T  0 disk  
└─md1         9:1    0   14T  0 raid0 /raid
nvme2n1     259:1    0  1.8T  0 disk  
├─nvme2n1p1 259:2    0  512M  0 part  
└─nvme2n1p2 259:3    0  1.8T  0 part  
  └─md0       9:0    0  1.8T  0 raid1 /
nvme4n1     259:4    0  3.5T  0 disk  
└─md1         9:1    0   14T  0 raid0 /raid
nvme1n1     259:5    0  1.8T  0 disk  
├─nvme1n1p1 259:7    0  512M  0 part  /boot/efi
└─nvme1n1p2 259:8    0  1.8T  0 part  
  └─md0       9:0    0  1.8T  0 raid1 /
nvme3n1     259:6    0  3.5T  0 disk  
└─md1         9:1    0   14T  0 raid0 /raid
nvme5n1     259:9    0  3.5T  0 disk  
└─md1         9:1    0   14T  0 raid0 /raid
+ lsscsi -s
[0:0:0:0]    cd/dvd  AMI      Virtual CDROM0   1.00  /dev/sr0        -
[1:0:0:0]    enclosu BROADCOM PEX88080         116a  -               -
[2:0:0:0]    enclosu BROADCOM PEX88064         116a  -               -
[3:0:0:0]    enclosu BROADCOM PEX88064         116a  -               -
[4:0:0:0]    enclosu BROADCOM PEX88064         116a  -               -
[N:0:65:1]   disk    SAMSUNG MZWLJ3T8HBLS-00007__1              /dev/nvme0n1  3.84TB
[N:1:4:1]    disk    SAMSUNG MZ1LB1T9HALS-00007__1              /dev/nvme1n1  1.92TB
[N:2:4:1]    disk    SAMSUNG MZ1LB1T9HALS-00007__1              /dev/nvme2n1  1.92TB
[N:3:65:1]   disk    SAMSUNG MZWLJ3T8HBLS-00007__1              /dev/nvme3n1  3.84TB
[N:4:65:1]   disk    SAMSUNG MZWLJ3T8HBLS-00007__1              /dev/nvme4n1  3.84TB
[N:5:65:1]   disk    SAMSUNG MZWLJ3T8HBLS-00007__1              /dev/nvme5n1  3.84TB
+ module list
./collect_environment.sh: 17: module: not found
+ nvidia-smi
Thu Apr 14 01:36:25 2022       
+-----------------------------------------------------------------------------+
| NVIDIA-SMI 470.82.01    Driver Version: 470.82.01    CUDA Version: 11.4     |
|-------------------------------+----------------------+----------------------+
| GPU  Name        Persistence-M| Bus-Id        Disp.A | Volatile Uncorr. ECC |
| Fan  Temp  Perf  Pwr:Usage/Cap|         Memory-Usage | GPU-Util  Compute M. |
|                               |                      |               MIG M. |
|===============================+======================+======================|
|   0  NVIDIA A100-SXM...  On   | 00000000:07:00.0 Off |                    0 |
| N/A   24C    P0    56W / 400W |      0MiB / 40536MiB |      0%      Default |
|                               |                      |             Disabled |
+-------------------------------+----------------------+----------------------+
|   1  NVIDIA A100-SXM...  On   | 00000000:0F:00.0 Off |                    0 |
| N/A   23C    P0    50W / 400W |      0MiB / 40536MiB |      0%      Default |
|                               |                      |             Disabled |
+-------------------------------+----------------------+----------------------+
|   2  NVIDIA A100-SXM...  On   | 00000000:47:00.0 Off |                    0 |
| N/A   23C    P0    51W / 400W |      0MiB / 40536MiB |      0%      Default |
|                               |                      |             Disabled |
+-------------------------------+----------------------+----------------------+
|   3  NVIDIA A100-SXM...  On   | 00000000:4E:00.0 Off |                    0 |
| N/A   23C    P0    52W / 400W |      0MiB / 40536MiB |      0%      Default |
|                               |                      |             Disabled |
+-------------------------------+----------------------+----------------------+
|   4  NVIDIA A100-SXM...  On   | 00000000:87:00.0 Off |                    0 |
| N/A   29C    P0    51W / 400W |      0MiB / 40536MiB |      0%      Default |
|                               |                      |             Disabled |
+-------------------------------+----------------------+----------------------+
|   5  NVIDIA A100-SXM...  On   | 00000000:90:00.0 Off |                    0 |
| N/A   27C    P0    54W / 400W |      0MiB / 40536MiB |      0%      Default |
|                               |                      |             Disabled |
+-------------------------------+----------------------+----------------------+
|   6  NVIDIA A100-SXM...  On   | 00000000:B7:00.0 Off |                    0 |
| N/A   27C    P0    53W / 400W |      0MiB / 40536MiB |      0%      Default |
|                               |                      |             Disabled |
+-------------------------------+----------------------+----------------------+
|   7  NVIDIA A100-SXM...  On   | 00000000:BD:00.0 Off |                    0 |
| N/A   27C    P0    52W / 400W |      0MiB / 40536MiB |      0%      Default |
|                               |                      |             Disabled |
+-------------------------------+----------------------+----------------------+
                                                                               
+-----------------------------------------------------------------------------+
| Processes:                                                                  |
|  GPU   GI   CI        PID   Type   Process name                  GPU Memory |
|        ID   ID                                                   Usage      |
|=============================================================================|
|  No running processes found                                                 |
+-----------------------------------------------------------------------------+
+ lshw -short -quiet -sanitize
+ cat
WARNING: you should run this program as super-user.
H/W path                      Device           Class          Description
=========================================================================
                                               system         Computer
/0                                             bus            Motherboard
/0/0                                           memory         1TiB System memory
/0/1                                           processor      AMD EPYC 7742 64-Core Processor
/0/2                                           processor      AMD EPYC 7742 64-Core Processor
/0/100                                         bridge         Starship/Matisse Root Complex
/0/100/0.2                                     generic        Starship/Matisse IOMMU
/0/100/1.1                                     bridge         Starship/Matisse GPP Bridge
/0/100/1.1/0                                   bridge         Broadcom / LSI
/0/100/1.1/0/0                                 bridge         Broadcom / LSI
/0/100/1.1/0/0/0                               bridge         Broadcom / LSI
/0/100/1.1/0/0/0/0                             bridge         Broadcom / LSI
/0/100/1.1/0/0/0/0/0                           bridge         Broadcom / LSI
/0/100/1.1/0/0/0/0/0/0                         bridge         Broadcom / LSI
/0/100/1.1/0/0/0/0/0/0/0                       display        NVIDIA Corporation
/0/100/1.1/0/0/0/10                            bridge         Broadcom / LSI
/0/100/1.1/0/0/0/14                            bridge         Broadcom / LSI
/0/100/1.1/0/0/0/14/0                          storage        NVMe SSD Controller PM173X
/0/100/1.1/0/0/0/14/0/0       /dev/nvme0       storage        SAMSUNG MZWLJ3T8HBLS-00007
/0/100/1.1/0/0/0/14/0/0/1     /dev/nvme0n1     disk           NVMe namespace
/0/100/1.1/0/4                                 bridge         Broadcom / LSI
/0/100/1.1/0/4/0                               bridge         Broadcom / LSI
/0/100/1.1/0/4/0/0                             bridge         Broadcom / LSI
/0/100/1.1/0/4/0/0/0          mlx_ib0          network        MT28908 Family [ConnectX-6]
/0/100/1.1/0/4/0/10                            bridge         Broadcom / LSI
/0/100/1.1/0/4/0/10/0                          bridge         Broadcom / LSI
/0/100/1.1/0/4/0/10/0/0                        bridge         Broadcom / LSI
/0/100/1.1/0/4/0/10/0/0/0                      display        NVIDIA Corporation
/0/100/1.1/0/8                                 bridge         Broadcom / LSI
/0/100/1.1/0/8/0                               bridge         Broadcom / LSI
/0/100/1.1/0/8/0/10                            bridge         Broadcom / LSI
/0/100/1.1/0/8/0/10/0         mlx_ib1          network        MT28908 Family [ConnectX-6]
/0/100/1.1/0/1c                                bridge         Broadcom / LSI
/0/100/1.1/0/1c/0                              storage        Broadcom / LSI
/0/100/7.1                                     bridge         Starship/Matisse Internal PCIe GPP Bridge 0 to bus[E:B]
/0/100/7.1/0                                   generic        Starship/Matisse PCIe Dummy Function
/0/100/7.1/0.2                                 generic        Starship/Matisse PTDMA
/0/100/8.1                                     bridge         Starship/Matisse Internal PCIe GPP Bridge 0 to bus[E:B]
/0/100/8.1/0                                   generic        Starship/Matisse Reserved SPP
/0/100/8.1/0.2                                 generic        Starship/Matisse PTDMA
/0/100/8.1/0.3                                 bus            Starship USB 3.0 Host Controller
/0/100/14                                      bus            FCH SMBus Controller
/0/100/14.3                                    bridge         FCH LPC Bridge
/0/101                                         bridge         Starship/Matisse PCIe Dummy Host Bridge
/0/102                                         bridge         Starship/Matisse PCIe Dummy Host Bridge
/0/103                                         bridge         Starship/Matisse PCIe Dummy Host Bridge
/0/104                                         bridge         Starship/Matisse PCIe Dummy Host Bridge
/0/105                                         bridge         Starship/Matisse PCIe Dummy Host Bridge
/0/106                                         bridge         Starship/Matisse PCIe Dummy Host Bridge
/0/107                                         bridge         Starship/Matisse PCIe Dummy Host Bridge
/0/108                                         bridge         Starship Device 24; Function 0
/0/109                                         bridge         Starship Device 24; Function 1
/0/10a                                         bridge         Starship Device 24; Function 2
/0/10b                                         bridge         Starship Device 24; Function 3
/0/10c                                         bridge         Starship Device 24; Function 4
/0/10d                                         bridge         Starship Device 24; Function 5
/0/10e                                         bridge         Starship Device 24; Function 6
/0/10f                                         bridge         Starship Device 24; Function 7
/0/110                                         bridge         Starship Device 24; Function 0
/0/111                                         bridge         Starship Device 24; Function 1
/0/112                                         bridge         Starship Device 24; Function 2
/0/113                                         bridge         Starship Device 24; Function 3
/0/114                                         bridge         Starship Device 24; Function 4
/0/115                                         bridge         Starship Device 24; Function 5
/0/116                                         bridge         Starship Device 24; Function 6
/0/117                                         bridge         Starship Device 24; Function 7
/0/118                                         bridge         Starship/Matisse Root Complex
/0/118/0.2                                     generic        Starship/Matisse IOMMU
/0/118/3.1                                     bridge         Starship/Matisse GPP Bridge
/0/118/3.2                                     bridge         Starship/Matisse GPP Bridge
/0/118/3.2/0                                   storage        NVMe SSD Controller SM981/PM981/PM983
/0/118/3.2/0/0                /dev/nvme1       storage        SAMSUNG MZ1LB1T9HALS-00007
/0/118/3.2/0/0/1              /dev/nvme1n1     disk           NVMe namespace
/0/118/3.3                                     bridge         Starship/Matisse GPP Bridge
/0/118/3.3/0                                   storage        NVMe SSD Controller SM981/PM981/PM983
/0/118/3.3/0/0                /dev/nvme2       storage        SAMSUNG MZ1LB1T9HALS-00007
/0/118/3.3/0/0/1              /dev/nvme2n1     disk           NVMe namespace
/0/118/7.1                                     bridge         Starship/Matisse Internal PCIe GPP Bridge 0 to bus[E:B]
/0/118/7.1/0                                   generic        Starship/Matisse PCIe Dummy Function
/0/118/7.1/0.2                                 generic        Starship/Matisse PTDMA
/0/118/8.1                                     bridge         Starship/Matisse Internal PCIe GPP Bridge 0 to bus[E:B]
/0/118/8.1/0                                   generic        Starship/Matisse Reserved SPP
/0/118/8.1/0.1                                 generic        Starship/Matisse Cryptographic Coprocessor PSPCPP
/0/118/8.1/0.2                                 generic        Starship/Matisse PTDMA
/0/118/8.1/0.3                                 bus            Starship USB 3.0 Host Controller
/0/119                                         bridge         Starship/Matisse PCIe Dummy Host Bridge
/0/11a                                         bridge         Starship/Matisse PCIe Dummy Host Bridge
/0/11b                                         bridge         Starship/Matisse PCIe Dummy Host Bridge
/0/11c                                         bridge         Starship/Matisse PCIe Dummy Host Bridge
/0/11d                                         bridge         Starship/Matisse PCIe Dummy Host Bridge
/0/11e                                         bridge         Starship/Matisse PCIe Dummy Host Bridge
/0/11f                                         bridge         Starship/Matisse PCIe Dummy Host Bridge
/0/120                                         bridge         Starship/Matisse Root Complex
/0/120/0.2                                     generic        Starship/Matisse IOMMU
/0/120/1.1                                     bridge         Starship/Matisse GPP Bridge
/0/120/1.1/0                                   bridge         Broadcom / LSI
/0/120/1.1/0/0                                 bridge         Broadcom / LSI
/0/120/1.1/0/0/0                               bridge         Broadcom / LSI
/0/120/1.1/0/0/0/0                             bridge         Broadcom / LSI
/0/120/1.1/0/0/0/0/0                           bridge         Broadcom / LSI
/0/120/1.1/0/0/0/0/0/0                         bridge         Broadcom / LSI
/0/120/1.1/0/0/0/0/0/0/0                       display        NVIDIA Corporation
/0/120/1.1/0/0/0/0/0/1f                        bridge         Broadcom / LSI
/0/120/1.1/0/0/0/0/0/1f/0                      storage        Broadcom / LSI
/0/120/1.1/0/4                                 bridge         Broadcom / LSI
/0/120/1.1/0/4/0                               bridge         Broadcom / LSI
/0/120/1.1/0/4/0/0                             bridge         Broadcom / LSI
/0/120/1.1/0/4/0/0/0          mlx_ib2          network        MT28908 Family [ConnectX-6]
/0/120/1.1/0/4/0/10                            bridge         Broadcom / LSI
/0/120/1.1/0/4/0/10/0                          bridge         Broadcom / LSI
/0/120/1.1/0/4/0/10/0/0                        bridge         Broadcom / LSI
/0/120/1.1/0/4/0/10/0/0/0                      display        NVIDIA Corporation
/0/120/1.1/0/4/0/10/0/1f                       bridge         Broadcom / LSI
/0/120/1.1/0/4/0/10/0/1f/0                     storage        Broadcom / LSI
/0/120/1.1/0/8                                 bridge         Broadcom / LSI
/0/120/1.1/0/8/0                               bridge         Broadcom / LSI
/0/120/1.1/0/8/0/0                             bridge         Broadcom / LSI
/0/120/1.1/0/8/0/0/0                           storage        NVMe SSD Controller PM173X
/0/120/1.1/0/8/0/0/0/0        /dev/nvme3       storage        SAMSUNG MZWLJ3T8HBLS-00007
/0/120/1.1/0/8/0/0/0/0/1      /dev/nvme3n1     disk           NVMe namespace
/0/120/1.1/0/8/0/4                             bridge         Broadcom / LSI
/0/120/1.1/0/8/0/10                            bridge         Broadcom / LSI
/0/120/1.1/0/8/0/10/0         mlx_ib3          network        MT28908 Family [ConnectX-6]
/0/120/1.1/0/1c                                bridge         Broadcom / LSI
/0/120/1.1/0/1c/0                              storage        Broadcom / LSI
/0/120/7.1                                     bridge         Starship/Matisse Internal PCIe GPP Bridge 0 to bus[E:B]
/0/120/7.1/0                                   generic        Starship/Matisse PCIe Dummy Function
/0/120/7.1/0.2                                 generic        Starship/Matisse PTDMA
/0/120/8.1                                     bridge         Starship/Matisse Internal PCIe GPP Bridge 0 to bus[E:B]
/0/120/8.1/0                                   generic        Starship/Matisse Reserved SPP
/0/120/8.1/0.2                                 generic        Starship/Matisse PTDMA
/0/121                                         bridge         Starship/Matisse PCIe Dummy Host Bridge
/0/122                                         bridge         Starship/Matisse PCIe Dummy Host Bridge
/0/123                                         bridge         Starship/Matisse PCIe Dummy Host Bridge
/0/124                                         bridge         Starship/Matisse PCIe Dummy Host Bridge
/0/125                                         bridge         Starship/Matisse PCIe Dummy Host Bridge
/0/126                                         bridge         Starship/Matisse PCIe Dummy Host Bridge
/0/127                                         bridge         Starship/Matisse PCIe Dummy Host Bridge
/0/128                                         bridge         Starship/Matisse Root Complex
/0/128/0.2                                     generic        Starship/Matisse IOMMU
/0/128/3.1                                     bridge         Starship/Matisse GPP Bridge
/0/128/3.1/0                  mlx_ib4          network        MT28908 Family [ConnectX-6]
/0/128/3.1/0.1                enp97s0f1        network        MT28908 Family [ConnectX-6]
/0/128/5.2                                     bridge         Starship/Matisse GPP Bridge
/0/128/5.2/0                                   bridge         AST1150 PCI-to-PCI Bridge
/0/128/5.2/0/0                                 display        ASPEED Graphics Family
/0/128/7.1                                     bridge         Starship/Matisse Internal PCIe GPP Bridge 0 to bus[E:B]
/0/128/7.1/0                                   generic        Starship/Matisse PCIe Dummy Function
/0/128/7.1/0.2                                 generic        Starship/Matisse PTDMA
/0/128/8.1                                     bridge         Starship/Matisse Internal PCIe GPP Bridge 0 to bus[E:B]
/0/128/8.1/0                                   generic        Starship/Matisse Reserved SPP
/0/128/8.1/0.2                                 generic        Starship/Matisse PTDMA
/0/129                                         bridge         Starship/Matisse PCIe Dummy Host Bridge
/0/12a                                         bridge         Starship/Matisse PCIe Dummy Host Bridge
/0/12b                                         bridge         Starship/Matisse PCIe Dummy Host Bridge
/0/12c                                         bridge         Starship/Matisse PCIe Dummy Host Bridge
/0/12d                                         bridge         Starship/Matisse PCIe Dummy Host Bridge
/0/12e                                         bridge         Starship/Matisse PCIe Dummy Host Bridge
/0/12f                                         bridge         Starship/Matisse PCIe Dummy Host Bridge
/0/130                                         bridge         Starship/Matisse Root Complex
/0/130/0.2                                     generic        Starship/Matisse IOMMU
/0/130/1.1                                     bridge         Starship/Matisse GPP Bridge
/0/130/1.1/0                                   bridge         Broadcom / LSI
/0/130/1.1/0/0                                 bridge         Broadcom / LSI
/0/130/1.1/0/0/0                               bridge         Broadcom / LSI
/0/130/1.1/0/0/0/0                             bridge         Broadcom / LSI
/0/130/1.1/0/0/0/0/0                           bridge         Broadcom / LSI
/0/130/1.1/0/0/0/0/0/0                         bridge         Broadcom / LSI
/0/130/1.1/0/0/0/0/0/0/0                       display        NVIDIA Corporation
/0/130/1.1/0/0/0/0/0/1f                        bridge         Broadcom / LSI
/0/130/1.1/0/0/0/0/0/1f/0                      storage        Broadcom / LSI
/0/130/1.1/0/0/0/10                            bridge         Broadcom / LSI
/0/130/1.1/0/0/0/14                            bridge         Broadcom / LSI
/0/130/1.1/0/0/0/14/0                          storage        NVMe SSD Controller PM173X
/0/130/1.1/0/0/0/14/0/0       /dev/nvme4       storage        SAMSUNG MZWLJ3T8HBLS-00007
/0/130/1.1/0/0/0/14/0/0/1     /dev/nvme4n1     disk           NVMe namespace
/0/130/1.1/0/4                                 bridge         Broadcom / LSI
/0/130/1.1/0/4/0                               bridge         Broadcom / LSI
/0/130/1.1/0/4/0/0                             bridge         Broadcom / LSI
/0/130/1.1/0/4/0/0/0          mlx_ib5          network        MT28908 Family [ConnectX-6]
/0/130/1.1/0/4/0/10                            bridge         Broadcom / LSI
/0/130/1.1/0/4/0/10/0                          bridge         Broadcom / LSI
/0/130/1.1/0/4/0/10/0/0                        bridge         Broadcom / LSI
/0/130/1.1/0/4/0/10/0/0/0                      display        NVIDIA Corporation
/0/130/1.1/0/4/0/10/0/1f                       bridge         Broadcom / LSI
/0/130/1.1/0/4/0/10/0/1f/0                     storage        Broadcom / LSI
/0/130/1.1/0/8                                 bridge         Broadcom / LSI
/0/130/1.1/0/8/0                               bridge         Broadcom / LSI
/0/130/1.1/0/8/0/10                            bridge         Broadcom / LSI
/0/130/1.1/0/8/0/10/0         mlx_ib6          network        MT28908 Family [ConnectX-6]
/0/130/1.1/0/1c                                bridge         Broadcom / LSI
/0/130/1.1/0/1c/0                              storage        Broadcom / LSI
/0/130/7.1                                     bridge         Starship/Matisse Internal PCIe GPP Bridge 0 to bus[E:B]
/0/130/7.1/0                                   generic        Starship/Matisse PCIe Dummy Function
/0/130/7.1/0.2                                 generic        Starship/Matisse PTDMA
/0/130/8.1                                     bridge         Starship/Matisse Internal PCIe GPP Bridge 0 to bus[E:B]
/0/130/8.1/0                                   generic        Starship/Matisse Reserved SPP
/0/130/8.1/0.2                                 generic        Starship/Matisse PTDMA
/0/130/8.1/0.3                                 bus            Starship USB 3.0 Host Controller
/0/131                                         bridge         Starship/Matisse PCIe Dummy Host Bridge
/0/132                                         bridge         Starship/Matisse PCIe Dummy Host Bridge
/0/133                                         bridge         Starship/Matisse PCIe Dummy Host Bridge
/0/134                                         bridge         Starship/Matisse PCIe Dummy Host Bridge
/0/135                                         bridge         Starship/Matisse PCIe Dummy Host Bridge
/0/136                                         bridge         Starship/Matisse PCIe Dummy Host Bridge
/0/137                                         bridge         Starship/Matisse PCIe Dummy Host Bridge
/0/138                                         bridge         Starship/Matisse Root Complex
/0/138/0.2                                     generic        Starship/Matisse IOMMU
/0/138/7.1                                     bridge         Starship/Matisse Internal PCIe GPP Bridge 0 to bus[E:B]
/0/138/7.1/0                                   generic        Starship/Matisse PCIe Dummy Function
/0/138/7.1/0.2                                 generic        Starship/Matisse PTDMA
/0/138/8.1                                     bridge         Starship/Matisse Internal PCIe GPP Bridge 0 to bus[E:B]
/0/138/8.1/0                                   generic        Starship/Matisse Reserved SPP
/0/138/8.1/0.1                                 generic        Starship/Matisse Cryptographic Coprocessor PSPCPP
/0/138/8.1/0.2                                 generic        Starship/Matisse PTDMA
/0/139                                         bridge         Starship/Matisse PCIe Dummy Host Bridge
/0/13a                                         bridge         Starship/Matisse PCIe Dummy Host Bridge
/0/13b                                         bridge         Starship/Matisse PCIe Dummy Host Bridge
/0/13c                                         bridge         Starship/Matisse PCIe Dummy Host Bridge
/0/13d                                         bridge         Starship/Matisse PCIe Dummy Host Bridge
/0/13e                                         bridge         Starship/Matisse PCIe Dummy Host Bridge
/0/13f                                         bridge         Starship/Matisse PCIe Dummy Host Bridge
/0/140                                         bridge         Starship/Matisse Root Complex
/0/140/0.2                                     generic        Starship/Matisse IOMMU
/0/140/1.1                                     bridge         Starship/Matisse GPP Bridge
/0/140/1.1/0                                   bridge         Broadcom / LSI
/0/140/1.1/0/0                                 bridge         Broadcom / LSI
/0/140/1.1/0/0/0                               bridge         Broadcom / LSI
/0/140/1.1/0/0/0/0                             bridge         Broadcom / LSI
/0/140/1.1/0/0/0/0/0                           bridge         Broadcom / LSI
/0/140/1.1/0/0/0/0/0/0                         bridge         Broadcom / LSI
/0/140/1.1/0/0/0/0/0/0/0                       display        NVIDIA Corporation
/0/140/1.1/0/4                                 bridge         Broadcom / LSI
/0/140/1.1/0/4/0                               bridge         Broadcom / LSI
/0/140/1.1/0/4/0/0                             bridge         Broadcom / LSI
/0/140/1.1/0/4/0/0/0          mlx_ib7          network        MT28908 Family [ConnectX-6]
/0/140/1.1/0/4/0/10                            bridge         Broadcom / LSI
/0/140/1.1/0/4/0/10/0                          bridge         Broadcom / LSI
/0/140/1.1/0/4/0/10/0/0                        bridge         Broadcom / LSI
/0/140/1.1/0/4/0/10/0/0/0                      display        NVIDIA Corporation
/0/140/1.1/0/8                                 bridge         Broadcom / LSI
/0/140/1.1/0/8/0                               bridge         Broadcom / LSI
/0/140/1.1/0/8/0/0                             bridge         Broadcom / LSI
/0/140/1.1/0/8/0/0/0                           bridge         Broadcom / LSI
/0/140/1.1/0/8/0/0/0/0                         bridge         Broadcom / LSI
/0/140/1.1/0/8/0/0/0/0/0                       bridge         PLX Technology, Inc.
/0/140/1.1/0/8/0/0/0/0/0/1                     bridge         PLX Technology, Inc.
/0/140/1.1/0/8/0/0/0/0/0/1/0                   bridge         NVIDIA Corporation
/0/140/1.1/0/8/0/0/0/0/0/2                     bridge         PLX Technology, Inc.
/0/140/1.1/0/8/0/0/0/0/0/2/0                   bridge         NVIDIA Corporation
/0/140/1.1/0/8/0/0/0/0/0/3                     bridge         PLX Technology, Inc.
/0/140/1.1/0/8/0/0/0/0/0/3/0                   bridge         NVIDIA Corporation
/0/140/1.1/0/8/0/0/0/0/0/4                     bridge         PLX Technology, Inc.
/0/140/1.1/0/8/0/0/0/0/0/4/0                   bridge         NVIDIA Corporation
/0/140/1.1/0/8/0/0/0/0/0/b                     bridge         PLX Technology, Inc.
/0/140/1.1/0/8/0/0/0/0/0/b/0                   bridge         NVIDIA Corporation
/0/140/1.1/0/8/0/0/0/0/0/c                     bridge         PLX Technology, Inc.
/0/140/1.1/0/8/0/0/0/0/0/c/0                   bridge         NVIDIA Corporation
/0/140/1.1/0/8/0/4                             bridge         Broadcom / LSI
/0/140/1.1/0/8/0/4/0                           storage        NVMe SSD Controller PM173X
/0/140/1.1/0/8/0/4/0/0        /dev/nvme5       storage        SAMSUNG MZWLJ3T8HBLS-00007
/0/140/1.1/0/8/0/4/0/0/1      /dev/nvme5n1     disk           NVMe namespace
/0/140/1.1/0/8/0/8                             bridge         Broadcom / LSI
/0/140/1.1/0/8/0/10                            bridge         Broadcom / LSI
/0/140/1.1/0/8/0/10/0         mlx_ib8          network        MT28908 Family [ConnectX-6]
/0/140/1.1/0/1c                                bridge         Broadcom / LSI
/0/140/1.1/0/1c/0                              storage        Broadcom / LSI
/0/140/7.1                                     bridge         Starship/Matisse Internal PCIe GPP Bridge 0 to bus[E:B]
/0/140/7.1/0                                   generic        Starship/Matisse PCIe Dummy Function
/0/140/7.1/0.2                                 generic        Starship/Matisse PTDMA
/0/140/8.1                                     bridge         Starship/Matisse Internal PCIe GPP Bridge 0 to bus[E:B]
/0/140/8.1/0                                   generic        Starship/Matisse Reserved SPP
/0/140/8.1/0.2                                 generic        Starship/Matisse PTDMA
/0/141                                         bridge         Starship/Matisse PCIe Dummy Host Bridge
/0/142                                         bridge         Starship/Matisse PCIe Dummy Host Bridge
/0/143                                         bridge         Starship/Matisse PCIe Dummy Host Bridge
/0/144                                         bridge         Starship/Matisse PCIe Dummy Host Bridge
/0/145                                         bridge         Starship/Matisse PCIe Dummy Host Bridge
/0/146                                         bridge         Starship/Matisse PCIe Dummy Host Bridge
/0/147                                         bridge         Starship/Matisse PCIe Dummy Host Bridge
/0/148                                         bridge         Starship/Matisse Root Complex
/0/148/0.2                                     generic        Starship/Matisse IOMMU
/0/148/3.1                                     bridge         Starship/Matisse GPP Bridge
/0/148/3.1/0                  mlx_ib9          network        MT28908 Family [ConnectX-6]
/0/148/3.1/0.1                enp225s0f1       network        MT28908 Family [ConnectX-6]
/0/148/5.1                                     bridge         Starship/Matisse GPP Bridge
/0/148/5.1/0                  enp226s0         network        I210 Gigabit Network Connection
/0/148/7.1                                     bridge         Starship/Matisse Internal PCIe GPP Bridge 0 to bus[E:B]
/0/148/7.1/0                                   generic        Starship/Matisse PCIe Dummy Function
/0/148/7.1/0.2                                 generic        Starship/Matisse PTDMA
/0/148/8.1                                     bridge         Starship/Matisse Internal PCIe GPP Bridge 0 to bus[E:B]
/0/148/8.1/0                                   generic        Starship/Matisse Reserved SPP
/0/148/8.1/0.2                                 generic        Starship/Matisse PTDMA
/0/149                                         bridge         Starship/Matisse PCIe Dummy Host Bridge
/0/14a                                         bridge         Starship/Matisse PCIe Dummy Host Bridge
/0/14b                                         bridge         Starship/Matisse PCIe Dummy Host Bridge
/0/14c                                         bridge         Starship/Matisse PCIe Dummy Host Bridge
/0/14d                                         bridge         Starship/Matisse PCIe Dummy Host Bridge
/0/14e                                         bridge         Starship/Matisse PCIe Dummy Host Bridge
/0/14f                                         bridge         Starship/Matisse PCIe Dummy Host Bridge
/0/3                                           system         PnP device PNP0c01
/0/4                                           system         PnP device PNP0b00
/0/5                                           system         PnP device PNP0c02
/0/6                                           communication  PnP device PNP0501
/0/7                                           communication  PnP device PNP0501
/1                            scsi0            storage        
/2                            enx06f191d74b5f  network        Ethernet interface
/3                            bond0.2200       network        Ethernet interface
/4                            bond0.2360       network        Ethernet interface
/5                            infinibond0      network        interface
/6                            bond0            network        Ethernet interface
WARNING: output may be incomplete or inaccurate, you should run this program as super-user.
+ pip list
Package                           Version             Editable project location
--------------------------------- ------------------- -----------------------------------------------------------------------------------------
absl-py                           1.0.0
aiohttp                           3.8.1
aiohttp-cors                      0.7.0
aioredis                          1.3.1
aiosignal                         1.2.0
altair                            4.1.0
argon2-cffi                       21.1.0
asgiref                           3.4.1
astor                             0.8.1
astropy                           5.0.2
astunparse                        1.6.3
async-timeout                     4.0.1
attrs                             21.2.0
backcall                          0.2.0
backports.zoneinfo                0.2.1
base58                            2.1.1
black                             22.1.0
bleach                            4.1.0
blessed                           1.19.0
blinker                           1.4
brotlipy                          0.7.0
cachetools                        4.2.4
certifi                           2021.10.8
cffi                              1.15.0
charset-normalizer                2.0.4
click                             8.0.4
cloudpickle                       2.0.0
colorful                          0.5.4
conda-package-handling            1.7.3
ConfigSpace                       0.4.20
cryptography                      35.0.0
cupy-cuda114                      10.0.0
cycler                            0.11.0
Cython                            0.29.24
debugpy                           1.5.1
decorator                         5.1.0
deephyper                         0.3.3               /lus/grand/projects/datascience/regele/thetagpu/scaling/scalable-bo/build/deephyper
deepspace                         0.0.6
defusedxml                        0.7.1
Deprecated                        1.2.13
dh-scikit-optimize                0.9.6               /lus/grand/projects/datascience/regele/thetagpu/scaling/scalable-bo/build/scikit-optimize
dill                              0.3.4
Django                            3.2.9
dm-tree                           0.1.6
entrypoints                       0.3
fastrlock                         0.8
filelock                          3.4.0
flatbuffers                       2.0
fonttools                         4.28.2
frozenlist                        1.2.0
future                            0.18.2
gast                              0.4.0
gitdb                             4.0.9
GitPython                         3.1.24
google-api-core                   2.2.2
google-auth                       2.3.3
google-auth-oauthlib              0.4.6
google-pasta                      0.2.0
googleapis-common-protos          1.53.0
gpustat                           1.0.0b1
grpcio                            1.42.0
gviz-api                          1.10.0
h5py                              3.6.0
hiredis                           2.0.0
horovod                           0.23.0
huggingface-hub                   0.4.0
hyperopt                          0.2.7
idna                              3.3
imageio                           2.14.1
importlib-metadata                4.8.2
importlib-resources               5.4.0
ipykernel                         6.5.1
ipython                           7.30.0
ipython-genutils                  0.2.0
ipywidgets                        7.6.5
jedi                              0.18.1
Jinja2                            3.0.3
joblib                            1.1.0
jsonschema                        4.2.1
jupyter                           1.0.0
jupyter-client                    7.1.0
jupyter-console                   6.4.0
jupyter-contrib-core              0.3.3
jupyter-contrib-nbextensions      0.5.1
jupyter-core                      4.9.1
jupyter-highlight-selected-word   0.2.0
jupyter-latex-envs                1.4.6
jupyter-nbextensions-configurator 0.4.1
jupyterlab-widgets                1.0.2
keras                             2.7.0
Keras-Applications                1.0.8
Keras-Preprocessing               1.1.2
kiwisolver                        1.3.2
liac-arff                         2.5.0
libclang                          12.0.0
llvmlite                          0.37.0
lxml                              4.6.4
Markdown                          3.3.6
MarkupSafe                        2.0.1
matplotlib                        3.5.0
matplotlib-inline                 0.1.3
minio                             7.1.2
mistune                           0.8.4
mkl-fft                           1.3.1
mkl-random                        1.2.2
mkl-service                       2.4.0
mock                              4.0.3
mpi4py                            4.0.0.dev0
msgpack                           1.0.3
multidict                         5.2.0
multiprocess                      0.70.12.2
mypy-extensions                   0.4.3
nbconvert                         5.6.1
nbformat                          5.1.3
nest-asyncio                      1.5.1
networkx                          2.6.3
notebook                          6.4.6
numba                             0.54.1
numexpr                           2.8.1
numpy                             1.20.3
nvidia-ml-py3                     7.352.0
oauthlib                          3.1.1
onnx                              1.10.2
onnx-tf                           1.9.0
onnxruntime-gpu                   1.10.0
opencensus                        0.8.0
opencensus-context                0.1.2
opencv-python-headless            4.5.4.60
openml                            0.12.2
opt-einsum                        3.3.0
packaging                         21.3
pandas                            1.3.4
pandocfilters                     1.5.0
parso                             0.8.3
pathos                            0.2.8
pathspec                          0.9.0
patsy                             0.5.2
pexpect                           4.8.0
pickleshare                       0.7.5
Pillow                            8.4.0
pip                               22.0.3
plasma                            1.0.0               /lus/grand/projects/datascience/regele/thetagpu/scaling/scalable-bo/build/plasma-python
platformdirs                      2.5.1
portpicker                        1.5.0
pox                               0.3.0
ppft                              1.6.6.4
prometheus-client                 0.12.0
prompt-toolkit                    3.0.23
protobuf                          3.19.1
psutil                            5.8.0
ptyprocess                        0.7.0
py-spy                            0.3.11
py4j                              0.10.9.4
pyaml                             21.10.1
pyarrow                           6.0.1
pyasn1                            0.4.8
pyasn1-modules                    0.2.8
pycosat                           0.6.3
pycparser                         2.21
pydeck                            0.7.1
pydot                             1.4.2
pyerfa                            2.0.0.1
Pygments                          2.10.0
Pympler                           0.9
pyOpenSSL                         21.0.0
pyparsing                         3.0.6
pyrsistent                        0.18.0
PySocks                           1.7.1
python-dateutil                   2.8.2
pytz                              2021.3
pytz-deprecation-shim             0.1.0.post0
PyWavelets                        1.2.0
PyYAML                            6.0
pyzmq                             22.3.0
qtconsole                         5.2.1
QtPy                              1.11.2
ray                               1.8.0
rdkit-pypi                        2021.9.5.1
redis                             4.0.2
regex                             2022.1.18
requests                          2.26.0
requests-oauthlib                 1.3.0
rsa                               4.8
ruamel-yaml-conda                 0.15.100
sacremoses                        0.0.47
scalbo                            0.0.0               /lus/grand/projects/datascience/regele/thetagpu/scaling/scalable-bo/src/scalbo
scikit-image                      0.19.1
scikit-learn                      1.0.1
scipy                             1.7.3
seaborn                           0.11.2
Send2Trash                        1.8.0
setuptools                        59.4.0
setuptools-scm                    6.3.2
six                               1.16.0
smmap                             5.0.0
sqlparse                          0.4.2
statsmodels                       0.13.2
streamlit                         1.2.0
tables                            3.7.0
tensorboard                       2.7.0
tensorboard-data-server           0.6.1
tensorboard-plugin-profile        2.5.0
tensorboard-plugin-wit            1.8.0
tensorflow                        2.8.0
tensorflow-addons                 0.15.0
tensorflow-estimator              2.7.0
tensorflow-io-gcs-filesystem      0.22.0
tensorflow-probability            0.14.0
termcolor                         1.1.0
terminado                         0.12.1
testpath                          0.5.0
tf2onnx                           1.9.3
threadpoolctl                     3.0.0
tifffile                          2022.2.2
timm                              0.4.12
tinydb                            4.5.2
tokenizers                        0.11.4
toml                              0.10.2
tomli                             1.2.2
toolz                             0.11.2
torch                             1.10.0a0+git36449ea
torchinfo                         1.6.3
torchvision                       0.11.1
tornado                           6.1
tqdm                              4.62.3
traitlets                         5.1.1
transformers                      4.16.2
typeguard                         2.13.2
typing_extensions                 4.0.1
tzdata                            2021.5
tzlocal                           4.1
urllib3                           1.26.7
validators                        0.18.2
watchdog                          2.1.6
wcwidth                           0.2.5
webencodings                      0.5.1
Werkzeug                          2.0.2
wheel                             0.37.0
widgetsnbextension                3.5.2
wrapt                             1.13.3
xgboost                           1.5.1
xmltodict                         0.12.0
yarl                              1.7.2
zipp                              3.6.0
WARNING: You are using pip version 22.0.3; however, version 22.0.4 is available.
You should consider upgrading via the '/lus/grand/projects/datascience/regele/thetagpu/scaling/scalable-bo/build/dhenv/bin/python -m pip install --upgrade pip' command.
